<?xml version="1.0" encoding="utf-8"?><testsuites name="pytest tests"><testsuite name="pytest" errors="0" failures="0" skipped="0" tests="12" time="2.223" timestamp="2026-09-18T15:30:04.839360+00:00" hostname="agent-env-6ae54ebe-4f28-4021-886b-6c4dc03689fa"><testcase classname="tests.test_pescematto_api.TestAuth" name="test_login_success" time="0.755" /><testcase classname="tests.test_pescematto_api.TestMenuProtected" name="test_put_menu_without_token" time="0.558" /><testcase classname="tests.test_pescematto_api.TestAuth" name="test_login_wrong_password" time="0.435" /><testcase classname="tests.test_pescematto_api.TestMenuProtected" name="test_put_menu_and_verify_persisted" time="0.674" /><testcase classname="tests.test_pescematto_api.TestAuth" name="test_login_wrong_username" time="0.070" /><testcase classname="tests.test_pescematto_api.TestMenuProtected" name="test_delete_menu_without_token" time="0.072" /><testcase classname="tests.test_pescematto_api.TestPhoneProtected" name="test_put_phone_without_token" time="0.032" /><testcase classname="tests.test_pescematto_api.TestPhoneProtected" name="test_put_phone_bad_token" time="0.080" /><testcase classname="tests.test_pescematto_api.TestMenuProtected" name="test_delete_menu_resets" time="0.158" /><testcase classname="tests.test_pescematto_api.TestPublicSettings" name="test_get_phone_public" time="0.223" /><testcase classname="tests.test_pescematto_api.TestPublicSettings" name="test_get_menu_public" time="0.078" /><testcase classname="tests.test_pescematto_api.TestPhoneProtected" name="test_put_phone_and_verify_persisted" time="0.464" /></testsuite></testsuites>